<?xml version="1.0" encoding="UTF-8"?>
<testsuite name="de.bitsharesmunich.graphenej.AssetTest" tests="1" skipped="0" failures="0" errors="0" timestamp="2017-02-16T04:30:01" hostname="Nelsons-MacBook-Pro.local" time="0.004">
  <properties/>
  <testcase name="equals" classname="de.bitsharesmunich.graphenej.AssetTest" time="0.004"/>
  <system-out><![CDATA[]]></system-out>
  <system-err><![CDATA[]]></system-err>
</testsuite>
