<?xml version="1.0" encoding="UTF-8"?>
<testsuite name="de.bitsharesmunich.graphenej.objects.MemoTest" tests="6" skipped="0" failures="0" errors="0" timestamp="2017-02-16T04:30:01" hostname="Nelsons-MacBook-Pro.local" time="0.07">
  <properties/>
  <testcase name="shouldEncryptAndDecryptShortMessage" classname="de.bitsharesmunich.graphenej.objects.MemoTest" time="0.031"/>
  <testcase name="shouldBeJsonObjectSerializable" classname="de.bitsharesmunich.graphenej.objects.MemoTest" time="0.009"/>
  <testcase name="shouldBeByteSerializable" classname="de.bitsharesmunich.graphenej.objects.MemoTest" time="0.003"/>
  <testcase name="shouldThrowException" classname="de.bitsharesmunich.graphenej.objects.MemoTest" time="0.013"/>
  <testcase name="shouldEncryptAndDecryptLongerMessage" classname="de.bitsharesmunich.graphenej.objects.MemoTest" time="0.006"/>
  <testcase name="shouldMatchPredefinedChiphertext" classname="de.bitsharesmunich.graphenej.objects.MemoTest" time="0.005"/>
  <system-out><![CDATA[]]></system-out>
  <system-err><![CDATA[]]></system-err>
</testsuite>
